Content-Type: text/plain; charset="utf-8"
MIME-Version: 1.0
Content-Transfer-Encoding: 8bit
Subject: Password reset on 127.0.0.1:8000
From: webmaster@localhost
To: Amamdi25@yahoo.com
Date: Fri, 23 Jul 2021 16:45:25 -0000
Message-ID: 
 <162705872523.47172.2335394455026227394@amamdi-HP-Laptop-15-da1xxx>


You're receiving this email because you requested a password reset for your user account at 127.0.0.1:8000.

Please go to the following page and choose a new password:

http://127.0.0.1:8000/login/reset/NA/aq8zvp-b709961a0e9ed198bc0e9c6bd986a0b8/

Your username, in case you’ve forgotten: Chibuzo

Thanks for using our site!

The 127.0.0.1:8000 team



-------------------------------------------------------------------------------
Content-Type: text/plain; charset="utf-8"
MIME-Version: 1.0
Content-Transfer-Encoding: 8bit
Subject: Password reset on 127.0.0.1:8000
From: webmaster@localhost
To: Amamdi25@yahoo.com
Date: Fri, 23 Jul 2021 16:45:25 -0000
Message-ID: 
 <162705872524.47172.17210145452435352930@amamdi-HP-Laptop-15-da1xxx>


You're receiving this email because you requested a password reset for your user account at 127.0.0.1:8000.

Please go to the following page and choose a new password:

http://127.0.0.1:8000/login/reset/Ng/aq8zvp-29c94dda104d0683bb38d8319a8bc1a1/

Your username, in case you’ve forgotten: Lasttry

Thanks for using our site!

The 127.0.0.1:8000 team



-------------------------------------------------------------------------------
